<?xml version="1.0" encoding="UTF-8"?>
<testsuite name="com.sparta.kakaotalkbackend.KakaoTalkBackendApplicationTests" tests="1" skipped="0" failures="0" errors="0" timestamp="2022-10-31T10:41:20" hostname="LAPTOP-ILRIRDU9" time="0.555">
  <properties/>
  <testcase name="contextLoads()" classname="com.sparta.kakaotalkbackend.KakaoTalkBackendApplicationTests" time="0.555"/>
  <system-out><![CDATA[19:40:42.177 [Test worker] DEBUG org.springframework.test.context.BootstrapUtils - Instantiating CacheAwareContextLoaderDelegate from class [org.springframework.test.context.cache.DefaultCacheAwareContextLoaderDelegate]
19:40:42.338 [Test worker] DEBUG org.springframework.test.context.BootstrapUtils - Instantiating BootstrapContext using constructor [public org.springframework.test.context.support.DefaultBootstrapContext(java.lang.Class,org.springframework.test.context.CacheAwareContextLoaderDelegate)]
19:40:42.445 [Test worker] DEBUG org.springframework.test.context.BootstrapUtils - Instantiating TestContextBootstrapper for test class [com.sparta.kakaotalkbackend.KakaoTalkBackendApplicationTests] from class [org.springframework.boot.test.context.SpringBootTestContextBootstrapper]
19:40:42.536 [Test worker] INFO org.springframework.boot.test.context.SpringBootTestContextBootstrapper - Neither @ContextConfiguration nor @ContextHierarchy found for test class [com.sparta.kakaotalkbackend.KakaoTalkBackendApplicationTests], using SpringBootContextLoader
19:40:42.545 [Test worker] DEBUG org.springframework.test.context.support.AbstractContextLoader - Did not detect default resource location for test class [com.sparta.kakaotalkbackend.KakaoTalkBackendApplicationTests]: class path resource [com/sparta/kakaotalkbackend/KakaoTalkBackendApplicationTests-context.xml] does not exist
19:40:42.547 [Test worker] DEBUG org.springframework.test.context.support.AbstractContextLoader - Did not detect default resource location for test class [com.sparta.kakaotalkbackend.KakaoTalkBackendApplicationTests]: class path resource [com/sparta/kakaotalkbackend/KakaoTalkBackendApplicationTestsContext.groovy] does not exist
19:40:42.551 [Test worker] INFO org.springframework.test.context.support.AbstractContextLoader - Could not detect default resource locations for test class [com.sparta.kakaotalkbackend.KakaoTalkBackendApplicationTests]: no resource found for suffixes {-context.xml, Context.groovy}.
19:40:42.553 [Test worker] INFO org.springframework.test.context.support.AnnotationConfigContextLoaderUtils - Could not detect default configuration classes for test class [com.sparta.kakaotalkbackend.KakaoTalkBackendApplicationTests]: KakaoTalkBackendApplicationTests does not declare any static, non-private, non-final, nested classes annotated with @Configuration.
19:40:42.709 [Test worker] DEBUG org.springframework.test.context.support.ActiveProfilesUtils - Could not find an 'annotation declaring class' for annotation type [org.springframework.test.context.ActiveProfiles] and class [com.sparta.kakaotalkbackend.KakaoTalkBackendApplicationTests]
19:40:42.962 [Test worker] DEBUG org.springframework.context.annotation.ClassPathScanningCandidateComponentProvider - Identified candidate component class: file [C:\Users\juuu0\Desktop\9rl\week7_clone\kakao-talk-backend\build\classes\java\main\com\sparta\kakaotalkbackend\KakaoTalkBackendApplication.class]
19:40:42.976 [Test worker] INFO org.springframework.boot.test.context.SpringBootTestContextBootstrapper - Found @SpringBootConfiguration com.sparta.kakaotalkbackend.KakaoTalkBackendApplication for test class com.sparta.kakaotalkbackend.KakaoTalkBackendApplicationTests
19:40:43.514 [Test worker] DEBUG org.springframework.boot.test.context.SpringBootTestContextBootstrapper - @TestExecutionListeners is not present for class [com.sparta.kakaotalkbackend.KakaoTalkBackendApplicationTests]: using defaults.
19:40:43.519 [Test worker] INFO org.springframework.boot.test.context.SpringBootTestContextBootstrapper - Loaded default TestExecutionListener class names from location [META-INF/spring.factories]: [org.springframework.security.test.context.support.WithSecurityContextTestExecutionListener, org.springframework.security.test.context.support.ReactorContextTestExecutionListener, org.springframework.boot.test.autoconfigure.restdocs.RestDocsTestExecutionListener, org.springframework.boot.test.autoconfigure.web.client.MockRestServiceServerResetTestExecutionListener, org.springframework.boot.test.autoconfigure.web.servlet.MockMvcPrintOnlyOnFailureTestExecutionListener, org.springframework.boot.test.autoconfigure.web.servlet.WebDriverTestExecutionListener, org.springframework.boot.test.autoconfigure.webservices.client.MockWebServiceServerTestExecutionListener, org.springframework.boot.test.mock.mockito.MockitoTestExecutionListener, org.springframework.boot.test.mock.mockito.ResetMocksTestExecutionListener, org.springframework.test.context.web.ServletTestExecutionListener, org.springframework.test.context.support.DirtiesContextBeforeModesTestExecutionListener, org.springframework.test.context.event.ApplicationEventsTestExecutionListener, org.springframework.test.context.support.DependencyInjectionTestExecutionListener, org.springframework.test.context.support.DirtiesContextTestExecutionListener, org.springframework.test.context.transaction.TransactionalTestExecutionListener, org.springframework.test.context.jdbc.SqlScriptsTestExecutionListener, org.springframework.test.context.event.EventPublishingTestExecutionListener]
19:40:43.587 [Test worker] INFO org.springframework.boot.test.context.SpringBootTestContextBootstrapper - Using TestExecutionListeners: [org.springframework.test.context.web.ServletTestExecutionListener@20765ed5, org.springframework.test.context.support.DirtiesContextBeforeModesTestExecutionListener@3b582111, org.springframework.test.context.event.ApplicationEventsTestExecutionListener@2899a8db, org.springframework.boot.test.mock.mockito.MockitoTestExecutionListener@1e8823d2, org.springframework.boot.test.autoconfigure.SpringBootDependencyInjectionTestExecutionListener@c1a4620, org.springframework.test.context.support.DirtiesContextTestExecutionListener@76b0ae1b, org.springframework.test.context.transaction.TransactionalTestExecutionListener@130a0f66, org.springframework.test.context.jdbc.SqlScriptsTestExecutionListener@4c432866, org.springframework.security.test.context.support.WithSecurityContextTestExecutionListener@12365c88, org.springframework.test.context.event.EventPublishingTestExecutionListener@6105f8a3, org.springframework.security.test.context.support.ReactorContextTestExecutionListener@2237bada, org.springframework.boot.test.autoconfigure.restdocs.RestDocsTestExecutionListener@77e2a6e2, org.springframework.boot.test.autoconfigure.web.client.MockRestServiceServerResetTestExecutionListener@5710768a, org.springframework.boot.test.autoconfigure.web.servlet.MockMvcPrintOnlyOnFailureTestExecutionListener@199e4c2b, org.springframework.boot.test.autoconfigure.web.servlet.WebDriverTestExecutionListener@6e0d4a8, org.springframework.boot.test.autoconfigure.webservices.client.MockWebServiceServerTestExecutionListener@64d7b720, org.springframework.boot.test.mock.mockito.ResetMocksTestExecutionListener@30272916]
19:40:43.598 [Test worker] DEBUG org.springframework.test.context.support.AbstractDirtiesContextTestExecutionListener - Before test class: context [DefaultTestContext@777c9dc9 testClass = KakaoTalkBackendApplicationTests, testInstance = [null], testMethod = [null], testException = [null], mergedContextConfiguration = [WebMergedContextConfiguration@71b1a49c testClass = KakaoTalkBackendApplicationTests, locations = '{}', classes = '{class com.sparta.kakaotalkbackend.KakaoTalkBackendApplication}', contextInitializerClasses = '[]', activeProfiles = '{}', propertySourceLocations = '{}', propertySourceProperties = '{org.springframework.boot.test.context.SpringBootTestContextBootstrapper=true}', contextCustomizers = set[org.springframework.boot.test.autoconfigure.actuate.metrics.MetricsExportContextCustomizerFactory$DisableMetricExportContextCustomizer@14b030a0, org.springframework.boot.test.autoconfigure.properties.PropertyMappingContextCustomizer@0, org.springframework.boot.test.autoconfigure.web.servlet.WebDriverContextCustomizerFactory$Customizer@75f5fd58, org.springframework.boot.test.context.filter.ExcludeFilterContextCustomizer@47db5fa5, org.springframework.boot.test.json.DuplicateJsonObjectContextCustomizerFactory$DuplicateJsonObjectContextCustomizer@1080b026, org.springframework.boot.test.mock.mockito.MockitoContextCustomizer@0, org.springframework.boot.test.web.client.TestRestTemplateContextCustomizer@62ea3440, org.springframework.boot.test.context.SpringBootTestArgs@1, org.springframework.boot.test.context.SpringBootTestWebEnvironment@23202fce], resourceBasePath = 'src/main/webapp', contextLoader = 'org.springframework.boot.test.context.SpringBootContextLoader', parent = [null]], attributes = map['org.springframework.test.context.web.ServletTestExecutionListener.activateListener' -> true]], class annotated with @DirtiesContext [false] with mode [null].

  .   ____          _            __ _ _
 /\\ / ___'_ __ _ _(_)_ __  __ _ \ \ \ \
( ( )\___ | '_ | '_| | '_ \/ _` | \ \ \ \
 \\/  ___)| |_)| | | | | || (_| |  ) ) ) )
  '  |____| .__|_| |_|_| |_\__, | / / / /
 =========|_|==============|___/=/_/_/_/
 :: Spring Boot ::                (v2.7.5)

2022-10-31 19:40:45.104  INFO 19952 --- [    Test worker] c.s.k.KakaoTalkBackendApplicationTests   : Starting KakaoTalkBackendApplicationTests using Java 11.0.16.1 on LAPTOP-ILRIRDU9 with PID 19952 (started by juuu0 in C:\Users\juuu0\Desktop\9rl\week7_clone\kakao-talk-backend)
2022-10-31 19:40:45.109  INFO 19952 --- [    Test worker] c.s.k.KakaoTalkBackendApplicationTests   : No active profile set, falling back to 1 default profile: "default"
2022-10-31 19:40:48.334  INFO 19952 --- [    Test worker] .s.d.r.c.RepositoryConfigurationDelegate : Bootstrapping Spring Data JPA repositories in DEFAULT mode.
2022-10-31 19:40:48.532  INFO 19952 --- [    Test worker] .s.d.r.c.RepositoryConfigurationDelegate : Finished Spring Data repository scanning in 173 ms. Found 3 JPA repository interfaces.
2022-10-31 19:40:59.368  INFO 19952 --- [    Test worker] trationDelegate$BeanPostProcessorChecker : Bean '(inner bean)#3a0aaaf0' of type [com.amazonaws.auth.BasicAWSCredentials] is not eligible for getting processed by all BeanPostProcessors (for example: not eligible for auto-proxying)
2022-10-31 19:40:59.380  INFO 19952 --- [    Test worker] trationDelegate$BeanPostProcessorChecker : Bean '(inner bean)#3830b06c' of type [com.amazonaws.auth.AWSStaticCredentialsProvider] is not eligible for getting processed by all BeanPostProcessors (for example: not eligible for auto-proxying)
2022-10-31 19:40:59.477  INFO 19952 --- [    Test worker] trationDelegate$BeanPostProcessorChecker : Bean '(inner bean)#3757e8e2' of type [com.amazonaws.auth.profile.ProfileCredentialsProvider] is not eligible for getting processed by all BeanPostProcessors (for example: not eligible for auto-proxying)
2022-10-31 19:40:59.503  INFO 19952 --- [    Test worker] trationDelegate$BeanPostProcessorChecker : Bean 'credentialsProvider' of type [org.springframework.cloud.aws.core.credentials.CredentialsProviderFactoryBean] is not eligible for getting processed by all BeanPostProcessors (for example: not eligible for auto-proxying)
2022-10-31 19:40:59.503  INFO 19952 --- [    Test worker] trationDelegate$BeanPostProcessorChecker : Bean 'credentialsProvider' of type [com.amazonaws.auth.AWSCredentialsProviderChain] is not eligible for getting processed by all BeanPostProcessors (for example: not eligible for auto-proxying)
2022-10-31 19:41:01.053  INFO 19952 --- [    Test worker] o.hibernate.jpa.internal.util.LogHelper  : HHH000204: Processing PersistenceUnitInfo [name: default]
2022-10-31 19:41:01.214  INFO 19952 --- [    Test worker] org.hibernate.Version                    : HHH000412: Hibernate ORM core version 5.6.12.Final
2022-10-31 19:41:01.979  INFO 19952 --- [    Test worker] o.hibernate.annotations.common.Version   : HCANN000001: Hibernate Commons Annotations {5.1.2.Final}
2022-10-31 19:41:02.408  INFO 19952 --- [    Test worker] com.zaxxer.hikari.HikariDataSource       : HikariPool-1 - Starting...
2022-10-31 19:41:03.990  INFO 19952 --- [    Test worker] com.zaxxer.hikari.HikariDataSource       : HikariPool-1 - Start completed.
2022-10-31 19:41:04.095  INFO 19952 --- [    Test worker] org.hibernate.dialect.Dialect            : HHH000400: Using dialect: org.hibernate.dialect.MySQL8Dialect
2022-10-31 19:41:06.800  INFO 19952 --- [    Test worker] o.h.e.t.j.p.i.JtaPlatformInitiator       : HHH000490: Using JtaPlatform implementation: [org.hibernate.engine.transaction.jta.platform.internal.NoJtaPlatform]
2022-10-31 19:41:06.829  INFO 19952 --- [    Test worker] j.LocalContainerEntityManagerFactoryBean : Initialized JPA EntityManagerFactory for persistence unit 'default'
2022-10-31 19:41:12.768  INFO 19952 --- [    Test worker] o.s.s.web.DefaultSecurityFilterChain     : Will secure any request with [org.springframework.security.web.session.DisableEncodeUrlFilter@2e871e93, org.springframework.security.web.context.request.async.WebAsyncManagerIntegrationFilter@6c2063e0, org.springframework.security.web.context.SecurityContextPersistenceFilter@6fe55fcf, org.springframework.security.web.header.HeaderWriterFilter@6c37c36, org.springframework.security.web.authentication.logout.LogoutFilter@7d453075, com.sparta.kakaotalkbackend.jwt.JwtFilter@4f3672eb, org.springframework.security.web.savedrequest.RequestCacheAwareFilter@42c9f2cd, org.springframework.security.web.servletapi.SecurityContextHolderAwareRequestFilter@797c67c, org.springframework.security.web.authentication.AnonymousAuthenticationFilter@22825762, org.springframework.security.web.session.SessionManagementFilter@333e01c6, org.springframework.security.web.access.ExceptionTranslationFilter@546ca9da, org.springframework.security.web.access.intercept.FilterSecurityInterceptor@7ecf4608]
2022-10-31 19:41:12.783  WARN 19952 --- [    Test worker] o.s.s.c.a.web.builders.WebSecurity       : You are asking Spring Security to ignore Ant [pattern='/h2-console/**']. This is not recommended -- please use permitAll via HttpSecurity#authorizeHttpRequests instead.
2022-10-31 19:41:12.784  INFO 19952 --- [    Test worker] o.s.s.web.DefaultSecurityFilterChain     : Will not secure Ant [pattern='/h2-console/**']
2022-10-31 19:41:15.089  WARN 19952 --- [    Test worker] JpaBaseConfiguration$JpaWebConfiguration : spring.jpa.open-in-view is enabled by default. Therefore, database queries may be performed during view rendering. Explicitly configure spring.jpa.open-in-view to disable this warning
2022-10-31 19:41:20.418  INFO 19952 --- [    Test worker] c.s.k.KakaoTalkBackendApplicationTests   : Started KakaoTalkBackendApplicationTests in 36.695 seconds (JVM running for 47.456)
]]></system-out>
  <system-err><![CDATA[]]></system-err>
</testsuite>
